<?xml version="1.0" ?>
<!DOCTYPE coverage SYSTEM "http://cobertura.sourceforge.net/xml/coverage-04.dtd">
<coverage lines-valid="1907" lines-covered="1277" line-rate="0.6696" branches-valid="1209" branches-covered="707" branch-rate="0.5847" timestamp="1724969223316" complexity="0" version="0.1">
  <sources>
    <source>/home/runner/work/charmhub.io/charmhub.io</source>
  </sources>
  <packages>
    <package name="src.base" line-rate="0.5765" branch-rate="0.425">
      <classes>
        <class name="docs-side-nav.ts" filename="static/js/src/base/docs-side-nav.ts" line-rate="0.5522" branch-rate="0.22719999999999999">
          <methods>
            <method name="toggleDrawer" hits="11" signature="()V">
              <lines>
                <line number="7" hits="11"/>
              </lines>
            </method>
            <method name="throttle" hits="9" signature="()V">
              <lines>
                <line number="35" hits="9"/>
              </lines>
            </method>
            <method name="(anonymous_2)" hits="0" signature="()V">
              <lines>
                <line number="37" hits="0"/>
              </lines>
            </method>
            <method name="(anonymous_3)" hits="0" signature="()V">
              <lines>
                <line number="39" hits="0"/>
              </lines>
            </method>
            <method name="setupSideNavigation" hits="9" signature="()V">
              <lines>
                <line number="49" hits="9"/>
              </lines>
            </method>
            <method name="(anonymous_5)" hits="0" signature="()V">
              <lines>
                <line number="61" hits="0"/>
              </lines>
            </method>
            <method name="(anonymous_6)" hits="3" signature="()V">
              <lines>
                <line number="67" hits="3"/>
              </lines>
            </method>
            <method name="(anonymous_7)" hits="12" signature="()V">
              <lines>
                <line number="74" hits="12"/>
              </lines>
            </method>
            <method name="(anonymous_8)" hits="4" signature="()V">
              <lines>
                <line number="75" hits="4"/>
              </lines>
            </method>
            <method name="(anonymous_9)" hits="0" signature="()V">
              <lines>
                <line number="91" hits="0"/>
              </lines>
            </method>
            <method name="(anonymous_10)" hits="0" signature="()V">
              <lines>
                <line number="92" hits="0"/>
              </lines>
            </method>
            <method name="setupSideNavigations" hits="2" signature="()V">
              <lines>
                <line number="107" hits="2"/>
              </lines>
            </method>
            <method name="(anonymous_12)" hits="0" signature="()V">
              <lines>
                <line number="125" hits="0"/>
              </lines>
            </method>
            <method name="(anonymous_13)" hits="0" signature="()V">
              <lines>
                <line number="145" hits="0"/>
              </lines>
            </method>
            <method name="(anonymous_14)" hits="0" signature="()V">
              <lines>
                <line number="158" hits="0"/>
              </lines>
            </method>
            <method name="(anonymous_15)" hits="0" signature="()V">
              <lines>
                <line number="168" hits="0"/>
              </lines>
            </method>
            <method name="(anonymous_16)" hits="0" signature="()V">
              <lines>
                <line number="170" hits="0"/>
              </lines>
            </method>
          </methods>
          <lines>
            <line number="8" hits="11" branch="false"/>
            <line number="11" hits="11" branch="false"/>
            <line number="15" hits="11" branch="true" condition-coverage="50% (1/2)"/>
            <line number="16" hits="11" branch="true" condition-coverage="100% (2/2)"/>
            <line number="17" hits="6" branch="false"/>
            <line number="18" hits="6" branch="false"/>
            <line number="20" hits="6" branch="false"/>
            <line number="21" hits="6" branch="false"/>
            <line number="22" hits="6" branch="false"/>
            <line number="24" hits="5" branch="false"/>
            <line number="25" hits="5" branch="false"/>
            <line number="27" hits="5" branch="false"/>
            <line number="28" hits="5" branch="false"/>
            <line number="29" hits="5" branch="false"/>
            <line number="36" hits="9" branch="false"/>
            <line number="37" hits="9" branch="false"/>
            <line number="38" hits="0" branch="true" condition-coverage="0% (0/2)"/>
            <line number="39" hits="0" branch="false"/>
            <line number="40" hits="0" branch="false"/>
            <line number="50" hits="9" branch="false"/>
            <line number="53" hits="9" branch="false"/>
            <line number="58" hits="9" branch="false"/>
            <line number="61" hits="9" branch="false"/>
            <line number="62" hits="0" branch="true" condition-coverage="0% (0/2)"/>
            <line number="63" hits="0" branch="false"/>
            <line number="67" hits="9" branch="false"/>
            <line number="68" hits="3" branch="true" condition-coverage="50% (1/2)"/>
            <line number="69" hits="3" branch="false"/>
            <line number="74" hits="9" branch="false"/>
            <line number="75" hits="12" branch="false"/>
            <line number="76" hits="4" branch="false"/>
            <line number="78" hits="4" branch="true" condition-coverage="50% (1/2)"/>
            <line number="79" hits="4" branch="false"/>
            <line number="80" hits="4" branch="false"/>
            <line number="89" hits="9" branch="false"/>
            <line number="92" hits="0" branch="false"/>
            <line number="93" hits="0" branch="false"/>
            <line number="96" hits="0" branch="false"/>
            <line number="97" hits="0" branch="false"/>
            <line number="98" hits="0" branch="false"/>
            <line number="109" hits="2" branch="false"/>
            <line number="113" hits="2" branch="false"/>
            <line number="116" hits="1" branch="false"/>
            <line number="120" hits="1" branch="false"/>
            <line number="125" hits="1" branch="false"/>
            <line number="126" hits="0" branch="false"/>
            <line number="127" hits="0" branch="true" condition-coverage="0% (0/2)"/>
            <line number="128" hits="0" branch="false"/>
            <line number="130" hits="0" branch="false"/>
            <line number="131" hits="0" branch="false"/>
            <line number="134" hits="0" branch="false"/>
            <line number="137" hits="0" branch="true" condition-coverage="0% (0/2)"/>
            <line number="138" hits="0" branch="false"/>
            <line number="140" hits="0" branch="true" condition-coverage="0% (0/2)"/>
            <line number="141" hits="0" branch="false"/>
            <line number="145" hits="1" branch="false"/>
            <line number="146" hits="0" branch="false"/>
            <line number="149" hits="0" branch="false"/>
            <line number="152" hits="0" branch="false"/>
            <line number="155" hits="0" branch="false"/>
            <line number="158" hits="0" branch="false"/>
            <line number="159" hits="0" branch="true" condition-coverage="0% (0/2)"/>
            <line number="160" hits="0" branch="false"/>
            <line number="168" hits="1" branch="false"/>
            <line number="169" hits="0" branch="false"/>
            <line number="170" hits="0" branch="false"/>
            <line number="171" hits="0" branch="false"/>
          </lines>
        </class>
        <class name="navigation.ts" filename="static/js/src/base/navigation.ts" line-rate="0.5277000000000001" branch-rate="0.5">
          <methods>
            <method name="toggleDropdown" hits="8" signature="()V">
              <lines>
                <line number="1" hits="8"/>
              </lines>
            </method>
            <method name="closeAllDropdowns" hits="3" signature="()V">
              <lines>
                <line number="15" hits="3"/>
              </lines>
            </method>
            <method name="(anonymous_2)" hits="3" signature="()V">
              <lines>
                <line number="16" hits="3"/>
              </lines>
            </method>
            <method name="handleClickOutside" hits="2" signature="()V">
              <lines>
                <line number="21" hits="2"/>
              </lines>
            </method>
            <method name="(anonymous_4)" hits="2" signature="()V">
              <lines>
                <line number="25" hits="2"/>
              </lines>
            </method>
            <method name="initNavDropdowns" hits="1" signature="()V">
              <lines>
                <line number="36" hits="1"/>
              </lines>
            </method>
            <method name="(anonymous_6)" hits="0" signature="()V">
              <lines>
                <line number="43" hits="0"/>
              </lines>
            </method>
            <method name="(anonymous_7)" hits="0" signature="()V">
              <lines>
                <line number="44" hits="0"/>
              </lines>
            </method>
            <method name="(anonymous_8)" hits="0" signature="()V">
              <lines>
                <line number="61" hits="0"/>
              </lines>
            </method>
            <method name="(anonymous_9)" hits="0" signature="()V">
              <lines>
                <line number="62" hits="0"/>
              </lines>
            </method>
          </methods>
          <lines>
            <line number="2" hits="8" branch="false"/>
            <line number="3" hits="8" branch="false"/>
            <line number="6" hits="8" branch="false"/>
            <line number="8" hits="8" branch="true" condition-coverage="100% (2/2)"/>
            <line number="9" hits="4" branch="false"/>
            <line number="11" hits="4" branch="false"/>
            <line number="16" hits="3" branch="false"/>
            <line number="17" hits="3" branch="false"/>
            <line number="25" hits="2" branch="false"/>
            <line number="26" hits="2" branch="false"/>
            <line number="28" hits="2" branch="true" condition-coverage="50% (1/2)"/>
            <line number="29" hits="2" branch="true" condition-coverage="50% (1/2)"/>
            <line number="30" hits="2" branch="false"/>
            <line number="37" hits="1" branch="false"/>
            <line number="41" hits="1" branch="false"/>
            <line number="43" hits="1" branch="false"/>
            <line number="44" hits="0" branch="false"/>
            <line number="45" hits="0" branch="false"/>
            <line number="47" hits="0" branch="false"/>
            <line number="48" hits="0" branch="false"/>
            <line number="50" hits="0" branch="false"/>
            <line number="51" hits="0" branch="false"/>
            <line number="57" hits="1" branch="false"/>
            <line number="59" hits="1" branch="true" condition-coverage="50% (1/2)"/>
            <line number="60" hits="0" branch="false"/>
            <line number="61" hits="0" branch="false"/>
            <line number="63" hits="0" branch="true" condition-coverage="0% (0/2)"/>
            <line number="64" hits="0" branch="false"/>
            <line number="67" hits="0" branch="false"/>
            <line number="70" hits="0" branch="false"/>
            <line number="74" hits="0" branch="false"/>
            <line number="77" hits="0" branch="false"/>
            <line number="78" hits="0" branch="false"/>
            <line number="79" hits="0" branch="false"/>
            <line number="80" hits="0" branch="false"/>
            <line number="85" hits="1" branch="false"/>
          </lines>
        </class>
        <class name="tooltip-icon-modal.js" filename="static/js/src/base/tooltip-icon-modal.js" line-rate="1" branch-rate="0.875">
          <methods>
            <method name="toggleModal" hits="6" signature="()V">
              <lines>
                <line number="5" hits="6"/>
              </lines>
            </method>
            <method name="(anonymous_1)" hits="3" signature="()V">
              <lines>
                <line number="16" hits="3"/>
              </lines>
            </method>
          </methods>
          <lines>
            <line number="6" hits="6" branch="true" condition-coverage="100% (4/4)"/>
            <line number="7" hits="5" branch="true" condition-coverage="100% (2/2)"/>
            <line number="8" hits="3" branch="false"/>
            <line number="10" hits="2" branch="false"/>
            <line number="16" hits="1" branch="false"/>
            <line number="17" hits="3" branch="false"/>
            <line number="18" hits="3" branch="true" condition-coverage="50% (1/2)"/>
            <line number="19" hits="3" branch="false"/>
          </lines>
        </class>
      </classes>
    </package>
    <package name="src.interfaces.components" line-rate="1" branch-rate="1">
      <classes>
        <class name="testUtils.ts" filename="static/js/src/interfaces/components/testUtils.ts" line-rate="1" branch-rate="1">
          <methods>
          </methods>
          <lines>
            <line number="3" hits="2" branch="false"/>
            <line number="24" hits="2" branch="false"/>
            <line number="45" hits="2" branch="false"/>
          </lines>
        </class>
      </classes>
    </package>
    <package name="src.interfaces.components.App" line-rate="1" branch-rate="1">
      <classes>
        <class name="App.tsx" filename="static/js/src/interfaces/components/App/App.tsx" line-rate="1" branch-rate="1">
          <methods>
            <method name="App" hits="2" signature="()V">
              <lines>
                <line number="6" hits="2"/>
              </lines>
            </method>
          </methods>
          <lines>
            <line number="7" hits="2" branch="false"/>
            <line number="9" hits="2" branch="false"/>
          </lines>
        </class>
      </classes>
    </package>
    <package name="src.interfaces.components.CanonicalRelationsMeta" line-rate="1" branch-rate="1">
      <classes>
        <class name="CanonicalRelationsMeta.tsx" filename="static/js/src/interfaces/components/CanonicalRelationsMeta/CanonicalRelationsMeta.tsx" line-rate="1" branch-rate="1">
          <methods>
            <method name="CanonicalRelationsMeta" hits="4" signature="()V">
              <lines>
                <line number="8" hits="4"/>
              </lines>
            </method>
          </methods>
          <lines>
            <line number="10" hits="4" branch="true" condition-coverage="100% (2/2)"/>
            <line number="12" hits="4" branch="false"/>
          </lines>
        </class>
      </classes>
    </package>
    <package name="src.interfaces.components.CommunityRelationsMeta" line-rate="1" branch-rate="1">
      <classes>
        <class name="CommunityRelationsMeta.tsx" filename="static/js/src/interfaces/components/CommunityRelationsMeta/CommunityRelationsMeta.tsx" line-rate="1" branch-rate="1">
          <methods>
            <method name="CommunityRelationsMeta" hits="3" signature="()V">
              <lines>
                <line number="3" hits="3"/>
              </lines>
            </method>
          </methods>
          <lines>
            <line number="4" hits="3" branch="false"/>
          </lines>
        </class>
      </classes>
    </package>
    <package name="src.interfaces.components.DeveloperDocumentation" line-rate="1" branch-rate="1">
      <classes>
        <class name="DeveloperDocumentation.tsx" filename="static/js/src/interfaces/components/DeveloperDocumentation/DeveloperDocumentation.tsx" line-rate="1" branch-rate="1">
          <methods>
            <method name="DeveloperDocumentation" hits="4" signature="()V">
              <lines>
                <line number="13" hits="4"/>
              </lines>
            </method>
            <method name="(anonymous_1)" hits="8" signature="()V">
              <lines>
                <line number="14" hits="8"/>
              </lines>
            </method>
            <method name="(anonymous_2)" hits="8" signature="()V">
              <lines>
                <line number="26" hits="8"/>
              </lines>
            </method>
          </methods>
          <lines>
            <line number="14" hits="4" branch="false"/>
            <line number="15" hits="8" branch="false"/>
            <line number="21" hits="4" branch="false"/>
            <line number="27" hits="8" branch="false"/>
          </lines>
        </class>
      </classes>
    </package>
    <package name="src.interfaces.components.DocumentationSection" line-rate="1" branch-rate="0.4">
      <classes>
        <class name="DocumentationSection.tsx" filename="static/js/src/interfaces/components/DocumentationSection/DocumentationSection.tsx" line-rate="1" branch-rate="0.4">
          <methods>
            <method name="addUniqueIds" hits="15" signature="()V">
              <lines>
                <line number="18" hits="15"/>
              </lines>
            </method>
            <method name="(anonymous_1)" hits="24" signature="()V">
              <lines>
                <line number="19" hits="24"/>
              </lines>
            </method>
            <method name="SubSubSection" hits="7" signature="()V">
              <lines>
                <line number="25" hits="7"/>
              </lines>
            </method>
            <method name="(anonymous_3)" hits="13" signature="()V">
              <lines>
                <line number="35" hits="13"/>
              </lines>
            </method>
            <method name="SubSection" hits="4" signature="()V">
              <lines>
                <line number="42" hits="4"/>
              </lines>
            </method>
            <method name="(anonymous_5)" hits="7" signature="()V">
              <lines>
                <line number="56" hits="7"/>
              </lines>
            </method>
            <method name="DocumentationSection" hits="4" signature="()V">
              <lines>
                <line number="69" hits="4"/>
              </lines>
            </method>
            <method name="(anonymous_7)" hits="4" signature="()V">
              <lines>
                <line number="76" hits="4"/>
              </lines>
            </method>
            <method name="(anonymous_8)" hits="4" signature="()V">
              <lines>
                <line number="83" hits="4"/>
              </lines>
            </method>
          </methods>
          <lines>
            <line number="19" hits="24" branch="false"/>
            <line number="30" hits="7" branch="false"/>
            <line number="32" hits="7" branch="false"/>
            <line number="36" hits="13" branch="false"/>
            <line number="43" hits="4" branch="true" condition-coverage="50% (1/2)"/>
            <line number="47" hits="4" branch="false"/>
            <line number="57" hits="7" branch="true" condition-coverage="50% (1/2)"/>
            <line number="74" hits="4" branch="false"/>
            <line number="76" hits="4" branch="false"/>
            <line number="77" hits="4" branch="false"/>
            <line number="80" hits="4" branch="false"/>
            <line number="84" hits="4" branch="true" condition-coverage="50% (1/2)"/>
          </lines>
        </class>
        <class name="index.ts" filename="static/js/src/interfaces/components/DocumentationSection/index.ts" line-rate="0" branch-rate="0">
          <methods>
          </methods>
          <lines>
          </lines>
        </class>
      </classes>
    </package>
    <package name="src.interfaces.components.InterfaceDetails" line-rate="0.6428" branch-rate="0.8125">
      <classes>
        <class name="InterfaceDetails.tsx" filename="static/js/src/interfaces/components/InterfaceDetails/InterfaceDetails.tsx" line-rate="0.6428" branch-rate="0.8125">
          <methods>
            <method name="(anonymous_0)" hits="0" signature="()V">
              <lines>
                <line number="17" hits="0"/>
              </lines>
            </method>
            <method name="InterfaceDetails" hits="4" signature="()V">
              <lines>
                <line number="42" hits="4"/>
              </lines>
            </method>
            <method name="(anonymous_2)" hits="5" signature="()V">
              <lines>
                <line number="44" hits="5"/>
              </lines>
            </method>
            <method name="(anonymous_3)" hits="0" signature="()V">
              <lines>
                <line number="56" hits="0"/>
              </lines>
            </method>
          </methods>
          <lines>
            <line number="17" hits="1" branch="false"/>
            <line number="21" hits="0" branch="true" condition-coverage="0% (0/2)"/>
            <line number="22" hits="0" branch="true" condition-coverage="0% (0/2)"/>
            <line number="23" hits="0" branch="false"/>
            <line number="24" hits="0" branch="true" condition-coverage="0% (0/2)"/>
            <line number="25" hits="0" branch="false"/>
            <line number="28" hits="0" branch="false"/>
            <line number="29" hits="0" branch="true" condition-coverage="0% (0/2)"/>
            <line number="30" hits="0" branch="false"/>
            <line number="35" hits="0" branch="false"/>
            <line number="43" hits="4" branch="false"/>
            <line number="44" hits="4" branch="false"/>
            <line number="45" hits="5" branch="true" condition-coverage="100% (4/4)"/>
            <line number="46" hits="1" branch="false"/>
            <line number="49" hits="4" branch="false"/>
            <line number="52" hits="4" branch="false"/>
            <line number="54" hits="4" branch="false"/>
            <line number="56" hits="0" branch="false"/>
            <line number="64" hits="4" branch="false"/>
            <line number="66" hits="4" branch="false"/>
            <line number="68" hits="4" branch="true" condition-coverage="100% (4/4)"/>
            <line number="69" hits="1" branch="false"/>
            <line number="72" hits="4" branch="false"/>
            <line number="73" hits="4" branch="false"/>
            <line number="76" hits="4" branch="true" condition-coverage="100% (4/4)"/>
            <line number="78" hits="4" branch="true" condition-coverage="100% (2/2)"/>
            <line number="79" hits="2" branch="false"/>
            <line number="82" hits="4" branch="false"/>
          </lines>
        </class>
      </classes>
    </package>
    <package name="src.interfaces.components.InterfaceDetailsLinks" line-rate="1" branch-rate="1">
      <classes>
        <class name="InterfaceDetailsLinks.tsx" filename="static/js/src/interfaces/components/InterfaceDetailsLinks/InterfaceDetailsLinks.tsx" line-rate="1" branch-rate="1">
          <methods>
            <method name="InterfaceDetailsLinks" hits="6" signature="()V">
              <lines>
                <line number="9" hits="6"/>
              </lines>
            </method>
          </methods>
          <lines>
            <line number="14" hits="6" branch="false"/>
          </lines>
        </class>
      </classes>
    </package>
    <package name="src.interfaces.components.InterfaceDetailsNav" line-rate="1" branch-rate="1">
      <classes>
        <class name="InterfaceDetailsNav.tsx" filename="static/js/src/interfaces/components/InterfaceDetailsNav/InterfaceDetailsNav.tsx" line-rate="1" branch-rate="1">
          <methods>
            <method name="InterfaceDetailsNav" hits="3" signature="()V">
              <lines>
                <line number="5" hits="3"/>
              </lines>
            </method>
          </methods>
          <lines>
            <line number="6" hits="3" branch="false"/>
          </lines>
        </class>
      </classes>
    </package>
    <package name="src.interfaces.components.InterfaceDiscussion" line-rate="1" branch-rate="1">
      <classes>
        <class name="InterfaceDiscussion.tsx" filename="static/js/src/interfaces/components/InterfaceDiscussion/InterfaceDiscussion.tsx" line-rate="1" branch-rate="1">
          <methods>
            <method name="InterfaceDiscussion" hits="2" signature="()V">
              <lines>
                <line number="3" hits="2"/>
              </lines>
            </method>
          </methods>
          <lines>
            <line number="4" hits="2" branch="false"/>
          </lines>
        </class>
      </classes>
    </package>
    <package name="src.interfaces.components.InterfacesIndex" line-rate="0.64" branch-rate="0.6129">
      <classes>
        <class name="InterfacesIndex.tsx" filename="static/js/src/interfaces/components/InterfacesIndex/InterfacesIndex.tsx" line-rate="0.64" branch-rate="0.6129">
          <methods>
            <method name="pageArray" hits="12" signature="()V">
              <lines>
                <line number="16" hits="12"/>
              </lines>
            </method>
            <method name="sortInterfaces" hits="22" signature="()V">
              <lines>
                <line number="29" hits="22"/>
              </lines>
            </method>
            <method name="InterfacesIndex" hits="19" signature="()V">
              <lines>
                <line number="45" hits="19"/>
              </lines>
            </method>
            <method name="(anonymous_3)" hits="6" signature="()V">
              <lines>
                <line number="63" hits="6"/>
              </lines>
            </method>
            <method name="(anonymous_4)" hits="6" signature="()V">
              <lines>
                <line number="73" hits="6"/>
              </lines>
            </method>
            <method name="(anonymous_5)" hits="0" signature="()V">
              <lines>
                <line number="82" hits="0"/>
              </lines>
            </method>
            <method name="(anonymous_6)" hits="0" signature="()V">
              <lines>
                <line number="89" hits="0"/>
              </lines>
            </method>
            <method name="(anonymous_7)" hits="0" signature="()V">
              <lines>
                <line number="92" hits="0"/>
              </lines>
            </method>
            <method name="(anonymous_8)" hits="0" signature="()V">
              <lines>
                <line number="95" hits="0"/>
              </lines>
            </method>
            <method name="(anonymous_9)" hits="12" signature="()V">
              <lines>
                <line number="100" hits="12"/>
              </lines>
            </method>
            <method name="(anonymous_10)" hits="6" signature="()V">
              <lines>
                <line number="104" hits="6"/>
              </lines>
            </method>
            <method name="(anonymous_11)" hits="0" signature="()V">
              <lines>
                <line number="144" hits="0"/>
              </lines>
            </method>
            <method name="(anonymous_12)" hits="25" signature="()V">
              <lines>
                <line number="177" hits="25"/>
              </lines>
            </method>
            <method name="(anonymous_13)" hits="0" signature="()V">
              <lines>
                <line number="224" hits="0"/>
              </lines>
            </method>
          </methods>
          <lines>
            <line number="17" hits="12" branch="false"/>
            <line number="19" hits="12" branch="false"/>
            <line number="20" hits="6" branch="false"/>
            <line number="21" hits="6" branch="false"/>
            <line number="23" hits="6" branch="false"/>
            <line number="26" hits="12" branch="false"/>
            <line number="30" hits="22" branch="true" condition-coverage="50% (2/4)"/>
            <line number="31" hits="0" branch="false"/>
            <line number="34" hits="22" branch="true" condition-coverage="75% (3/4)"/>
            <line number="35" hits="0" branch="false"/>
            <line number="38" hits="22" branch="false"/>
            <line number="46" hits="19" branch="false"/>
            <line number="48" hits="19" branch="false"/>
            <line number="50" hits="19" branch="false"/>
            <line number="51" hits="19" branch="false"/>
            <line number="52" hits="19" branch="false"/>
            <line number="53" hits="19" branch="false"/>
            <line number="54" hits="19" branch="false"/>
            <line number="57" hits="19" branch="false"/>
            <line number="61" hits="19" branch="false"/>
            <line number="63" hits="19" branch="false"/>
            <line number="64" hits="6" branch="true" condition-coverage="50% (1/2)"/>
            <line number="65" hits="0" branch="false"/>
            <line number="66" hits="0" branch="false"/>
            <line number="68" hits="6" branch="false"/>
            <line number="69" hits="6" branch="false"/>
            <line number="73" hits="19" branch="false"/>
            <line number="74" hits="6" branch="true" condition-coverage="50% (1/2)"/>
            <line number="75" hits="6" branch="false"/>
            <line number="76" hits="6" branch="false"/>
            <line number="79" hits="0" branch="false"/>
            <line number="81" hits="0" branch="false"/>
            <line number="83" hits="0" branch="true" condition-coverage="0% (0/2)"/>
            <line number="84" hits="0" branch="false"/>
            <line number="87" hits="0" branch="false"/>
            <line number="90" hits="0" branch="false"/>
            <line number="93" hits="0" branch="false"/>
            <line number="96" hits="0" branch="false"/>
            <line number="100" hits="19" branch="false"/>
            <line number="101" hits="12" branch="false"/>
            <line number="104" hits="19" branch="false"/>
            <line number="105" hits="6" branch="false"/>
            <line number="108" hits="19" branch="false"/>
            <line number="145" hits="0" branch="false"/>
            <line number="178" hits="25" branch="false"/>
            <line number="225" hits="0" branch="false"/>
            <line number="226" hits="0" branch="false"/>
            <line number="228" hits="0" branch="true" condition-coverage="0% (0/2)"/>
            <line number="229" hits="0" branch="false"/>
            <line number="231" hits="0" branch="false"/>
          </lines>
        </class>
      </classes>
    </package>
    <package name="src.interfaces.components.MermaidDiagram" line-rate="1" branch-rate="0.5">
      <classes>
        <class name="MermaidDiagram.tsx" filename="static/js/src/interfaces/components/MermaidDiagram/MermaidDiagram.tsx" line-rate="1" branch-rate="0.5">
          <methods>
            <method name="(anonymous_0)" hits="2" signature="()V">
              <lines>
                <line number="8" hits="2"/>
              </lines>
            </method>
            <method name="(anonymous_1)" hits="2" signature="()V">
              <lines>
                <line number="11" hits="2"/>
              </lines>
            </method>
            <method name="(anonymous_2)" hits="2" signature="()V">
              <lines>
                <line number="12" hits="2"/>
              </lines>
            </method>
          </methods>
          <lines>
            <line number="8" hits="1" branch="false"/>
            <line number="9" hits="2" branch="false"/>
            <line number="11" hits="2" branch="false"/>
            <line number="12" hits="2" branch="false"/>
            <line number="13" hits="2" branch="false"/>
            <line number="14" hits="2" branch="true" condition-coverage="50% (1/2)"/>
            <line number="15" hits="2" branch="false"/>
            <line number="16" hits="2" branch="false"/>
            <line number="17" hits="1" branch="false"/>
            <line number="19" hits="1" branch="false"/>
            <line number="24" hits="2" branch="false"/>
            <line number="27" hits="2" branch="false"/>
          </lines>
        </class>
      </classes>
    </package>
    <package name="src.interfaces.components.ProvidingCharms" line-rate="1" branch-rate="1">
      <classes>
        <class name="ProvidingCharms.tsx" filename="static/js/src/interfaces/components/ProvidingCharms/ProvidingCharms.tsx" line-rate="1" branch-rate="1">
          <methods>
            <method name="ProvidingCharms" hits="3" signature="()V">
              <lines>
                <line number="10" hits="3"/>
              </lines>
            </method>
            <method name="(anonymous_1)" hits="4" signature="()V">
              <lines>
                <line number="18" hits="4"/>
              </lines>
            </method>
            <method name="(anonymous_2)" hits="4" signature="()V">
              <lines>
                <line number="40" hits="4"/>
              </lines>
            </method>
          </methods>
          <lines>
            <line number="11" hits="3" branch="false"/>
            <line number="19" hits="4" branch="false"/>
            <line number="41" hits="4" branch="false"/>
          </lines>
        </class>
      </classes>
    </package>
    <package name="src.interfaces.components.RequiringCharms" line-rate="1" branch-rate="1">
      <classes>
        <class name="RequiringCharms.tsx" filename="static/js/src/interfaces/components/RequiringCharms/RequiringCharms.tsx" line-rate="1" branch-rate="1">
          <methods>
            <method name="RequiringCharms" hits="3" signature="()V">
              <lines>
                <line number="10" hits="3"/>
              </lines>
            </method>
            <method name="(anonymous_1)" hits="4" signature="()V">
              <lines>
                <line number="18" hits="4"/>
              </lines>
            </method>
            <method name="(anonymous_2)" hits="4" signature="()V">
              <lines>
                <line number="41" hits="4"/>
              </lines>
            </method>
          </methods>
          <lines>
            <line number="11" hits="3" branch="false"/>
            <line number="19" hits="4" branch="false"/>
            <line number="42" hits="4" branch="false"/>
          </lines>
        </class>
      </classes>
    </package>
    <package name="src.libs" line-rate="0.9591" branch-rate="0.88">
      <classes>
        <class name="arrays.js" filename="static/js/src/libs/arrays.js" line-rate="1" branch-rate="1">
          <methods>
            <method name="arraysMerge" hits="7" signature="()V">
              <lines>
                <line number="7" hits="7"/>
              </lines>
            </method>
            <method name="(anonymous_1)" hits="30" signature="()V">
              <lines>
                <line number="10" hits="30"/>
              </lines>
            </method>
          </methods>
          <lines>
            <line number="8" hits="7" branch="false"/>
            <line number="10" hits="30" branch="false"/>
          </lines>
        </class>
        <class name="debounce.js" filename="static/js/src/libs/debounce.js" line-rate="1" branch-rate="1">
          <methods>
            <method name="debounce" hits="11" signature="()V">
              <lines>
                <line number="7" hits="11"/>
              </lines>
            </method>
            <method name="(anonymous_1)" hits="27" signature="()V">
              <lines>
                <line number="10" hits="27"/>
              </lines>
            </method>
            <method name="(anonymous_2)" hits="10" signature="()V">
              <lines>
                <line number="12" hits="10"/>
              </lines>
            </method>
            <method name="(anonymous_3)" hits="2" signature="()V">
              <lines>
                <line number="22" hits="2"/>
              </lines>
            </method>
          </methods>
          <lines>
            <line number="10" hits="11" branch="false"/>
            <line number="11" hits="27" branch="false"/>
            <line number="12" hits="27" branch="false"/>
            <line number="13" hits="10" branch="false"/>
            <line number="14" hits="10" branch="true" condition-coverage="100% (2/2)"/>
            <line number="16" hits="27" branch="true" condition-coverage="100% (2/2)"/>
            <line number="17" hits="27" branch="false"/>
            <line number="18" hits="27" branch="false"/>
            <line number="19" hits="27" branch="true" condition-coverage="100% (2/2)"/>
            <line number="22" hits="11" branch="false"/>
            <line number="23" hits="2" branch="false"/>
            <line number="26" hits="11" branch="false"/>
          </lines>
        </class>
        <class name="highlight-nav.js" filename="static/js/src/libs/highlight-nav.js" line-rate="0.909" branch-rate="0.75">
          <methods>
            <method name="getActiveNavItem" hits="10" signature="()V">
              <lines>
                <line number="1" hits="10"/>
              </lines>
            </method>
            <method name="(anonymous_1)" hits="19" signature="()V">
              <lines>
                <line number="2" hits="19"/>
              </lines>
            </method>
            <method name="setActiveNavItem" hits="8" signature="()V">
              <lines>
                <line number="7" hits="8"/>
              </lines>
            </method>
            <method name="(anonymous_3)" hits="21" signature="()V">
              <lines>
                <line number="11" hits="21"/>
              </lines>
            </method>
          </methods>
          <lines>
            <line number="2" hits="10" branch="false"/>
            <line number="3" hits="19" branch="false"/>
            <line number="8" hits="8" branch="false"/>
            <line number="9" hits="8" branch="false"/>
            <line number="11" hits="8" branch="false"/>
            <line number="12" hits="21" branch="true" condition-coverage="100% (2/2)"/>
            <line number="13" hits="6" branch="false"/>
            <line number="15" hits="15" branch="false"/>
            <line number="20" hits="1" branch="true" condition-coverage="50% (1/2)"/>
            <line number="21" hits="0" branch="false"/>
            <line number="24" hits="1" branch="false"/>
          </lines>
        </class>
        <class name="notification-close.js" filename="static/js/src/libs/notification-close.js" line-rate="1" branch-rate="0.5">
          <methods>
            <method name="initCloseButton" hits="4" signature="()V">
              <lines>
                <line number="1" hits="4"/>
              </lines>
            </method>
            <method name="setupCloseButton" hits="6" signature="()V">
              <lines>
                <line number="6" hits="6"/>
              </lines>
            </method>
            <method name="(anonymous_2)" hits="3" signature="()V">
              <lines>
                <line number="7" hits="3"/>
              </lines>
            </method>
          </methods>
          <lines>
            <line number="7" hits="6" branch="false"/>
            <line number="8" hits="3" branch="false"/>
            <line number="9" hits="3" branch="false"/>
            <line number="11" hits="3" branch="true" condition-coverage="50% (1/2)"/>
            <line number="12" hits="3" branch="false"/>
            <line number="18" hits="4" branch="false"/>
            <line number="22" hits="4" branch="false"/>
            <line number="23" hits="6" branch="false"/>
          </lines>
        </class>
        <class name="truncate-string.js" filename="static/js/src/libs/truncate-string.js" line-rate="0.9375" branch-rate="0.9229999999999999">
          <methods>
            <method name="truncateString" hits="29" signature="()V">
              <lines>
                <line number="8" hits="29"/>
              </lines>
            </method>
          </methods>
          <lines>
            <line number="12" hits="29" branch="true" condition-coverage="100% (2/2)"/>
            <line number="13" hits="2" branch="false"/>
            <line number="17" hits="27" branch="true" condition-coverage="100% (2/2)"/>
            <line number="18" hits="1" branch="false"/>
            <line number="22" hits="26" branch="true" condition-coverage="100% (2/2)"/>
            <line number="23" hits="18" branch="false"/>
            <line number="27" hits="8" branch="true" condition-coverage="50% (1/2)"/>
            <line number="28" hits="8" branch="false"/>
            <line number="30" hits="0" branch="false"/>
            <line number="34" hits="8" branch="true" condition-coverage="100% (2/2)"/>
            <line number="35" hits="3" branch="false"/>
            <line number="38" hits="5" branch="false"/>
            <line number="39" hits="5" branch="false"/>
            <line number="41" hits="5" branch="true" condition-coverage="100% (2/2)"/>
            <line number="42" hits="4" branch="false"/>
            <line number="44" hits="5" branch="false"/>
          </lines>
        </class>
      </classes>
    </package>
    <package name="src.public" line-rate="1" branch-rate="0.9285">
      <classes>
        <class name="navigation-events.ts" filename="static/js/src/public/navigation-events.ts" line-rate="1" branch-rate="0.9285">
          <methods>
            <method name="addGANavEvents" hits="6" signature="()V">
              <lines>
                <line number="10" hits="6"/>
              </lines>
            </method>
            <method name="(anonymous_1)" hits="3" signature="()V">
              <lines>
                <line number="13" hits="3"/>
              </lines>
            </method>
            <method name="(anonymous_2)" hits="3" signature="()V">
              <lines>
                <line number="14" hits="3"/>
              </lines>
            </method>
            <method name="addGAContentEvents" hits="3" signature="()V">
              <lines>
                <line number="30" hits="3"/>
              </lines>
            </method>
            <method name="(anonymous_4)" hits="5" signature="()V">
              <lines>
                <line number="33" hits="5"/>
              </lines>
            </method>
            <method name="(anonymous_5)" hits="5" signature="()V">
              <lines>
                <line number="52" hits="5"/>
              </lines>
            </method>
          </methods>
          <lines>
            <line number="1" hits="3" branch="false"/>
            <line number="3" hits="3" branch="false"/>
            <line number="6" hits="3" branch="false"/>
            <line number="8" hits="3" branch="false"/>
            <line number="11" hits="6" branch="false"/>
            <line number="12" hits="6" branch="true" condition-coverage="100% (2/2)"/>
            <line number="13" hits="2" branch="false"/>
            <line number="14" hits="3" branch="false"/>
            <line number="15" hits="3" branch="false"/>
            <line number="28" hits="3" branch="false"/>
            <line number="31" hits="3" branch="false"/>
            <line number="32" hits="3" branch="true" condition-coverage="100% (2/2)"/>
            <line number="33" hits="1" branch="false"/>
            <line number="36" hits="5" branch="true" condition-coverage="100% (2/2)"/>
            <line number="37" hits="1" branch="false"/>
            <line number="39" hits="4" branch="true" condition-coverage="100% (2/2)"/>
            <line number="40" hits="1" branch="false"/>
            <line number="42" hits="3" branch="true" condition-coverage="100% (2/2)"/>
            <line number="43" hits="1" branch="false"/>
            <line number="45" hits="2" branch="true" condition-coverage="100% (2/2)"/>
            <line number="46" hits="1" branch="false"/>
            <line number="49" hits="1" branch="false"/>
            <line number="51" hits="5" branch="true" condition-coverage="50% (1/2)"/>
            <line number="52" hits="5" branch="false"/>
            <line number="53" hits="5" branch="false"/>
          </lines>
        </class>
      </classes>
    </package>
    <package name="src.public.details" line-rate="0.9493" branch-rate="0.7011">
      <classes>
        <class name="channelMap.ts" filename="static/js/src/public/details/channelMap.ts" line-rate="0.9508" branch-rate="0.7931">
          <methods>
            <method name="(anonymous_0)" hits="6" signature="()V">
              <lines>
                <line number="1" hits="6"/>
              </lines>
            </method>
            <method name="(anonymous_1)" hits="1" signature="()V">
              <lines>
                <line number="29" hits="1"/>
              </lines>
            </method>
            <method name="(anonymous_2)" hits="4" signature="()V">
              <lines>
                <line number="39" hits="4"/>
              </lines>
            </method>
            <method name="(anonymous_3)" hits="2" signature="()V">
              <lines>
                <line number="58" hits="2"/>
              </lines>
            </method>
            <method name="(anonymous_4)" hits="5" signature="()V">
              <lines>
                <line number="63" hits="5"/>
              </lines>
            </method>
            <method name="(anonymous_5)" hits="1" signature="()V">
              <lines>
                <line number="71" hits="1"/>
              </lines>
            </method>
            <method name="(anonymous_6)" hits="5" signature="()V">
              <lines>
                <line number="75" hits="5"/>
              </lines>
            </method>
            <method name="(anonymous_7)" hits="1" signature="()V">
              <lines>
                <line number="79" hits="1"/>
              </lines>
            </method>
            <method name="hideOlderChannels" hits="7" signature="()V">
              <lines>
                <line number="100" hits="7"/>
              </lines>
            </method>
            <method name="(anonymous_9)" hits="28" signature="()V">
              <lines>
                <line number="102" hits="28"/>
              </lines>
            </method>
            <method name="handleFilterChange" hits="1" signature="()V">
              <lines>
                <line number="116" hits="1"/>
              </lines>
            </method>
            <method name="(anonymous_11)" hits="4" signature="()V">
              <lines>
                <line number="120" hits="4"/>
              </lines>
            </method>
          </methods>
          <lines>
            <line number="1" hits="2" branch="false"/>
            <line number="2" hits="6" branch="false"/>
            <line number="5" hits="6" branch="false"/>
            <line number="11" hits="6" branch="false"/>
            <line number="13" hits="6" branch="false"/>
            <line number="15" hits="6" branch="false"/>
            <line number="19" hits="6" branch="false"/>
            <line number="22" hits="6" branch="false"/>
            <line number="25" hits="6" branch="false"/>
            <line number="29" hits="6" branch="false"/>
            <line number="30" hits="1" branch="false"/>
            <line number="32" hits="1" branch="true" condition-coverage="75% (3/4)"/>
            <line number="33" hits="0" branch="false"/>
            <line number="35" hits="1" branch="false"/>
            <line number="39" hits="6" branch="false"/>
            <line number="40" hits="4" branch="false"/>
            <line number="41" hits="4" branch="false"/>
            <line number="43" hits="4" branch="false"/>
            <line number="44" hits="4" branch="false"/>
            <line number="46" hits="4" branch="true" condition-coverage="50% (1/2)"/>
            <line number="47" hits="4" branch="false"/>
            <line number="48" hits="4" branch="false"/>
            <line number="51" hits="4" branch="false"/>
            <line number="55" hits="4" branch="false"/>
            <line number="58" hits="6" branch="false"/>
            <line number="59" hits="2" branch="false"/>
            <line number="60" hits="2" branch="false"/>
            <line number="63" hits="6" branch="false"/>
            <line number="64" hits="5" branch="true" condition-coverage="100% (2/2)"/>
            <line number="65" hits="1" branch="false"/>
            <line number="67" hits="4" branch="false"/>
            <line number="71" hits="6" branch="false"/>
            <line number="72" hits="1" branch="false"/>
            <line number="75" hits="6" branch="false"/>
            <line number="76" hits="5" branch="false"/>
            <line number="79" hits="6" branch="false"/>
            <line number="80" hits="1" branch="false"/>
            <line number="82" hits="1" branch="false"/>
            <line number="88" hits="0" branch="false"/>
            <line number="91" hits="1" branch="true" condition-coverage="50% (1/2)"/>
            <line number="96" hits="1" branch="false"/>
            <line number="101" hits="7" branch="false"/>
            <line number="102" hits="7" branch="false"/>
            <line number="103" hits="28" branch="false"/>
            <line number="104" hits="28" branch="true" condition-coverage="100% (2/2)"/>
            <line number="105" hits="1" branch="false"/>
            <line number="108" hits="27" branch="true" condition-coverage="50% (1/2)"/>
            <line number="109" hits="0" branch="false"/>
            <line number="111" hits="27" branch="false"/>
            <line number="117" hits="1" branch="false"/>
            <line number="118" hits="1" branch="false"/>
            <line number="120" hits="1" branch="false"/>
            <line number="122" hits="4" branch="true" condition-coverage="100% (2/2)"/>
            <line number="125" hits="4" branch="true" condition-coverage="100% (2/2)"/>
            <line number="128" hits="4" branch="true" condition-coverage="100% (4/4)"/>
            <line number="129" hits="3" branch="false"/>
            <line number="131" hits="1" branch="false"/>
            <line number="135" hits="1" branch="false"/>
            <line number="138" hits="6" branch="false"/>
            <line number="139" hits="6" branch="false"/>
            <line number="140" hits="6" branch="false"/>
          </lines>
        </class>
        <class name="historyState.js" filename="static/js/src/public/details/historyState.js" line-rate="1" branch-rate="1">
          <methods>
            <method name="(anonymous_0)" hits="12" signature="()V">
              <lines>
                <line number="2" hits="12"/>
              </lines>
            </method>
            <method name="(anonymous_1)" hits="13" signature="()V">
              <lines>
                <line number="6" hits="13"/>
              </lines>
            </method>
            <method name="(anonymous_2)" hits="4" signature="()V">
              <lines>
                <line number="7" hits="4"/>
              </lines>
            </method>
            <method name="(anonymous_3)" hits="14" signature="()V">
              <lines>
                <line number="13" hits="14"/>
              </lines>
            </method>
            <method name="(anonymous_4)" hits="3" signature="()V">
              <lines>
                <line number="25" hits="3"/>
              </lines>
            </method>
          </methods>
          <lines>
            <line number="3" hits="12" branch="false"/>
            <line number="4" hits="12" branch="false"/>
            <line number="6" hits="12" branch="false"/>
            <line number="7" hits="13" branch="false"/>
            <line number="8" hits="4" branch="false"/>
            <line number="14" hits="14" branch="true" condition-coverage="100% (2/2)"/>
            <line number="15" hits="9" branch="false"/>
            <line number="16" hits="9" branch="true" condition-coverage="100% (2/2)"/>
            <line number="17" hits="7" branch="false"/>
            <line number="20" hits="5" branch="false"/>
            <line number="22" hits="14" branch="false"/>
            <line number="26" hits="3" branch="false"/>
          </lines>
        </class>
        <class name="index.ts" filename="static/js/src/public/details/index.ts" line-rate="0.9259000000000001" branch-rate="0.5789">
          <methods>
            <method name="(anonymous_0)" hits="5" signature="()V">
              <lines>
                <line number="5" hits="5"/>
              </lines>
            </method>
            <method name="(anonymous_1)" hits="2" signature="()V">
              <lines>
                <line number="17" hits="2"/>
              </lines>
            </method>
            <method name="(anonymous_2)" hits="2" signature="()V">
              <lines>
                <line number="31" hits="2"/>
              </lines>
            </method>
          </methods>
          <lines>
            <line number="5" hits="1" branch="false"/>
            <line number="6" hits="5" branch="false"/>
            <line number="8" hits="5" branch="false"/>
            <line number="11" hits="5" branch="true" condition-coverage="50% (1/2)"/>
            <line number="12" hits="5" branch="false"/>
            <line number="15" hits="5" branch="false"/>
            <line number="16" hits="5" branch="true" condition-coverage="50% (1/2)"/>
            <line number="17" hits="5" branch="false"/>
            <line number="18" hits="2" branch="false"/>
            <line number="21" hits="2" branch="false"/>
            <line number="22" hits="2" branch="true" condition-coverage="50% (1/2)"/>
            <line number="23" hits="0" branch="false"/>
            <line number="25" hits="2" branch="false"/>
            <line number="26" hits="2" branch="true" condition-coverage="50% (1/2)"/>
            <line number="27" hits="2" branch="false"/>
            <line number="31" hits="5" branch="false"/>
            <line number="32" hits="2" branch="false"/>
            <line number="34" hits="2" branch="true" condition-coverage="66.66666666666666% (2/3)"/>
            <line number="35" hits="0" branch="false"/>
            <line number="38" hits="2" branch="true" condition-coverage="75% (3/4)"/>
            <line number="39" hits="2" branch="false"/>
            <line number="44" hits="5" branch="false"/>
            <line number="45" hits="5" branch="true" condition-coverage="50% (1/2)"/>
            <line number="46" hits="5" branch="false"/>
            <line number="49" hits="5" branch="false"/>
            <line number="52" hits="5" branch="true" condition-coverage="50% (1/2)"/>
            <line number="53" hits="5" branch="false"/>
          </lines>
        </class>
        <class name="tableOfContents.ts" filename="static/js/src/public/details/tableOfContents.ts" line-rate="0.9481999999999999" branch-rate="0.6570999999999999">
          <methods>
            <method name="(anonymous_0)" hits="9" signature="()V">
              <lines>
                <line number="17" hits="9"/>
              </lines>
            </method>
            <method name="(anonymous_1)" hits="18" signature="()V">
              <lines>
                <line number="25" hits="18"/>
              </lines>
            </method>
            <method name="(anonymous_2)" hits="1" signature="()V">
              <lines>
                <line number="52" hits="1"/>
              </lines>
            </method>
            <method name="(anonymous_3)" hits="1" signature="()V">
              <lines>
                <line number="59" hits="1"/>
              </lines>
            </method>
            <method name="(anonymous_4)" hits="2" signature="()V">
              <lines>
                <line number="62" hits="2"/>
              </lines>
            </method>
            <method name="(anonymous_5)" hits="23" signature="()V">
              <lines>
                <line number="75" hits="23"/>
              </lines>
            </method>
            <method name="(anonymous_6)" hits="46" signature="()V">
              <lines>
                <line number="78" hits="46"/>
              </lines>
            </method>
            <method name="(anonymous_7)" hits="24" signature="()V">
              <lines>
                <line number="85" hits="24"/>
              </lines>
            </method>
            <method name="(anonymous_8)" hits="19" signature="()V">
              <lines>
                <line number="95" hits="19"/>
              </lines>
            </method>
            <method name="(anonymous_9)" hits="38" signature="()V">
              <lines>
                <line number="96" hits="38"/>
              </lines>
            </method>
            <method name="(anonymous_10)" hits="17" signature="()V">
              <lines>
                <line number="108" hits="17"/>
              </lines>
            </method>
            <method name="(anonymous_11)" hits="9" signature="()V">
              <lines>
                <line number="123" hits="9"/>
              </lines>
            </method>
            <method name="(anonymous_12)" hits="4" signature="()V">
              <lines>
                <line number="124" hits="4"/>
              </lines>
            </method>
            <method name="(anonymous_13)" hits="8" signature="()V">
              <lines>
                <line number="130" hits="8"/>
              </lines>
            </method>
          </methods>
          <lines>
            <line number="18" hits="9" branch="false"/>
            <line number="19" hits="9" branch="false"/>
            <line number="20" hits="9" branch="false"/>
            <line number="21" hits="9" branch="false"/>
            <line number="23" hits="9" branch="false"/>
            <line number="25" hits="9" branch="false"/>
            <line number="26" hits="18" branch="false"/>
            <line number="27" hits="18" branch="false"/>
            <line number="28" hits="18" branch="false"/>
            <line number="30" hits="18" branch="true" condition-coverage="50% (1/2)"/>
            <line number="35" hits="0" branch="false"/>
            <line number="38" hits="18" branch="false"/>
            <line number="47" hits="9" branch="false"/>
            <line number="48" hits="9" branch="false"/>
            <line number="49" hits="9" branch="false"/>
            <line number="53" hits="1" branch="false"/>
            <line number="54" hits="1" branch="true" condition-coverage="50% (1/2)"/>
            <line number="55" hits="1" branch="false"/>
            <line number="60" hits="1" branch="true" condition-coverage="50% (1/2)"/>
            <line number="61" hits="1" branch="true" condition-coverage="75% (3/4)"/>
            <line number="62" hits="1" branch="false"/>
            <line number="63" hits="2" branch="true" condition-coverage="100% (2/2)"/>
            <line number="64" hits="1" branch="false"/>
            <line number="66" hits="1" branch="false"/>
            <line number="70" hits="1" branch="false"/>
            <line number="78" hits="23" branch="false"/>
            <line number="79" hits="46" branch="true" condition-coverage="100% (2/2)"/>
            <line number="80" hits="11" branch="false"/>
            <line number="84" hits="23" branch="true" condition-coverage="100% (2/2)"/>
            <line number="85" hits="12" branch="false"/>
            <line number="86" hits="24" branch="true" condition-coverage="100% (2/2)"/>
            <line number="87" hits="12" branch="false"/>
            <line number="92" hits="23" branch="false"/>
            <line number="96" hits="19" branch="false"/>
            <line number="97" hits="38" branch="false"/>
            <line number="98" hits="38" branch="true" condition-coverage="50% (1/2)"/>
            <line number="99" hits="38" branch="false"/>
            <line number="100" hits="38" branch="false"/>
            <line number="102" hits="38" branch="true" condition-coverage="50% (1/2)"/>
            <line number="103" hits="0" branch="false"/>
            <line number="109" hits="17" branch="false"/>
            <line number="110" hits="17" branch="false"/>
            <line number="112" hits="17" branch="true" condition-coverage="50% (1/2)"/>
            <line number="113" hits="17" branch="true" condition-coverage="50% (1/2)"/>
            <line number="114" hits="17" branch="false"/>
            <line number="115" hits="17" branch="false"/>
            <line number="117" hits="17" branch="true" condition-coverage="50% (1/2)"/>
            <line number="118" hits="0" branch="false"/>
            <line number="124" hits="9" branch="false"/>
            <line number="125" hits="4" branch="false"/>
            <line number="126" hits="4" branch="false"/>
            <line number="129" hits="4" branch="true" condition-coverage="50% (1/2)"/>
            <line number="130" hits="4" branch="false"/>
            <line number="131" hits="8" branch="true" condition-coverage="100% (2/2)"/>
            <line number="132" hits="4" branch="false"/>
            <line number="134" hits="4" branch="false"/>
            <line number="139" hits="4" branch="false"/>
            <line number="140" hits="4" branch="false"/>
          </lines>
        </class>
      </classes>
    </package>
    <package name="src.public.details.integrations" line-rate="0.9444" branch-rate="1">
      <classes>
        <class name="state.ts" filename="static/js/src/public/details/integrations/state.ts" line-rate="0.9444" branch-rate="1">
          <methods>
            <method name="(anonymous_0)" hits="1" signature="()V">
              <lines>
                <line number="17" hits="1"/>
              </lines>
            </method>
            <method name="(anonymous_1)" hits="2" signature="()V">
              <lines>
                <line number="18" hits="2"/>
              </lines>
            </method>
            <method name="(anonymous_2)" hits="10" signature="()V">
              <lines>
                <line number="22" hits="10"/>
              </lines>
            </method>
            <method name="(anonymous_3)" hits="24" signature="()V">
              <lines>
                <line number="24" hits="24"/>
              </lines>
            </method>
            <method name="(anonymous_4)" hits="8" signature="()V">
              <lines>
                <line number="30" hits="8"/>
              </lines>
            </method>
            <method name="(anonymous_5)" hits="4" signature="()V">
              <lines>
                <line number="32" hits="4"/>
              </lines>
            </method>
            <method name="(anonymous_6)" hits="0" signature="()V">
              <lines>
                <line number="44" hits="0"/>
              </lines>
            </method>
          </methods>
          <lines>
            <line number="5" hits="2" branch="false"/>
            <line number="10" hits="2" branch="false"/>
            <line number="15" hits="2" branch="false"/>
            <line number="17" hits="1" branch="false"/>
            <line number="19" hits="2" branch="false"/>
            <line number="21" hits="2" branch="false"/>
            <line number="24" hits="24" branch="false"/>
            <line number="25" hits="10" branch="true" condition-coverage="100% (2/2)"/>
            <line number="26" hits="6" branch="false"/>
            <line number="29" hits="4" branch="false"/>
            <line number="31" hits="8" branch="false"/>
            <line number="32" hits="4" branch="false"/>
            <line number="34" hits="8" branch="true" condition-coverage="100% (2/2)"/>
            <line number="35" hits="7" branch="false"/>
            <line number="37" hits="8" branch="false"/>
            <line number="42" hits="10" branch="false"/>
            <line number="44" hits="0" branch="false"/>
            <line number="47" hits="2" branch="false"/>
          </lines>
        </class>
      </classes>
    </package>
    <package name="src.public.details.integrations.components" line-rate="0.8478" branch-rate="0.7619">
      <classes>
        <class name="InterfaceItem.tsx" filename="static/js/src/public/details/integrations/components/InterfaceItem.tsx" line-rate="0.8478" branch-rate="0.7619">
          <methods>
            <method name="(anonymous_0)" hits="6" signature="()V">
              <lines>
                <line number="22" hits="6"/>
              </lines>
            </method>
            <method name="(anonymous_1)" hits="2" signature="()V">
              <lines>
                <line number="33" hits="2"/>
              </lines>
            </method>
            <method name="(anonymous_2)" hits="8" signature="()V">
              <lines>
                <line number="36" hits="8"/>
              </lines>
            </method>
            <method name="(anonymous_3)" hits="47" signature="()V">
              <lines>
                <line number="51" hits="47"/>
              </lines>
            </method>
            <method name="(anonymous_4)" hits="6" signature="()V">
              <lines>
                <line number="61" hits="6"/>
              </lines>
            </method>
            <method name="(anonymous_5)" hits="31" signature="()V">
              <lines>
                <line number="71" hits="31"/>
              </lines>
            </method>
            <method name="(anonymous_6)" hits="0" signature="()V">
              <lines>
                <line number="75" hits="0"/>
              </lines>
            </method>
            <method name="(anonymous_7)" hits="0" signature="()V">
              <lines>
                <line number="76" hits="0"/>
              </lines>
            </method>
            <method name="(anonymous_8)" hits="19" signature="()V">
              <lines>
                <line number="86" hits="19"/>
              </lines>
            </method>
            <method name="(anonymous_9)" hits="2" signature="()V">
              <lines>
                <line number="93" hits="2"/>
              </lines>
            </method>
            <method name="(anonymous_10)" hits="8" signature="()V">
              <lines>
                <line number="94" hits="8"/>
              </lines>
            </method>
            <method name="(anonymous_11)" hits="8" signature="()V">
              <lines>
                <line number="111" hits="8"/>
              </lines>
            </method>
            <method name="(anonymous_12)" hits="0" signature="()V">
              <lines>
                <line number="120" hits="0"/>
              </lines>
            </method>
            <method name="(anonymous_13)" hits="2" signature="()V">
              <lines>
                <line number="171" hits="2"/>
              </lines>
            </method>
          </methods>
          <lines>
            <line number="22" hits="2" branch="false"/>
            <line number="27" hits="6" branch="false"/>
            <line number="32" hits="5" branch="false"/>
            <line number="33" hits="5" branch="false"/>
            <line number="36" hits="2" branch="false"/>
            <line number="37" hits="8" branch="true" condition-coverage="80% (4/5)"/>
            <line number="39" hits="2" branch="true" condition-coverage="100% (2/2)"/>
            <line number="41" hits="2" branch="false"/>
            <line number="43" hits="2" branch="false"/>
            <line number="45" hits="2" branch="false"/>
            <line number="47" hits="0" branch="false"/>
            <line number="51" hits="2" branch="false"/>
            <line number="56" hits="47" branch="false"/>
            <line number="57" hits="47" branch="false"/>
            <line number="59" hits="47" branch="false"/>
            <line number="61" hits="6" branch="false"/>
            <line number="69" hits="47" branch="false"/>
            <line number="71" hits="47" branch="false"/>
            <line number="72" hits="31" branch="true" condition-coverage="50% (2/4)"/>
            <line number="73" hits="31" branch="false"/>
            <line number="75" hits="0" branch="false"/>
            <line number="76" hits="0" branch="false"/>
            <line number="77" hits="0" branch="true" condition-coverage="0% (0/2)"/>
            <line number="78" hits="0" branch="false"/>
            <line number="80" hits="0" branch="false"/>
            <line number="81" hits="0" branch="false"/>
            <line number="86" hits="47" branch="false"/>
            <line number="87" hits="19" branch="true" condition-coverage="100% (2/2)"/>
            <line number="88" hits="17" branch="false"/>
            <line number="90" hits="2" branch="false"/>
            <line number="92" hits="2" branch="false"/>
            <line number="94" hits="2" branch="false"/>
            <line number="95" hits="8" branch="false"/>
            <line number="96" hits="8" branch="false"/>
            <line number="97" hits="8" branch="false"/>
            <line number="102" hits="8" branch="false"/>
            <line number="105" hits="2" branch="false"/>
            <line number="111" hits="8" branch="false"/>
            <line number="112" hits="2" branch="true" condition-coverage="50% (1/2)"/>
            <line number="113" hits="2" branch="false"/>
            <line number="118" hits="2" branch="false"/>
            <line number="120" hits="2" branch="true" condition-coverage="50% (1/2)"/>
            <line number="121" hits="2" branch="false"/>
            <line number="126" hits="2" branch="false"/>
            <line number="129" hits="47" branch="false"/>
            <line number="172" hits="2" branch="false"/>
          </lines>
        </class>
      </classes>
    </package>
    <package name="src.public.details.integrations.components.App" line-rate="0.6934999999999999" branch-rate="0.7547">
      <classes>
        <class name="App.tsx" filename="static/js/src/public/details/integrations/components/App/App.tsx" line-rate="0.6934999999999999" branch-rate="0.7547">
          <methods>
            <method name="(anonymous_0)" hits="4" signature="()V">
              <lines>
                <line number="16" hits="4"/>
              </lines>
            </method>
            <method name="(anonymous_1)" hits="6" signature="()V">
              <lines>
                <line number="36" hits="6"/>
              </lines>
            </method>
            <method name="(anonymous_2)" hits="3" signature="()V">
              <lines>
                <line number="41" hits="3"/>
              </lines>
            </method>
            <method name="(anonymous_3)" hits="14" signature="()V">
              <lines>
                <line number="49" hits="14"/>
              </lines>
            </method>
            <method name="(anonymous_4)" hits="2" signature="()V">
              <lines>
                <line number="57" hits="2"/>
              </lines>
            </method>
            <method name="(anonymous_5)" hits="6" signature="()V">
              <lines>
                <line number="65" hits="6"/>
              </lines>
            </method>
            <method name="(anonymous_6)" hits="10" signature="()V">
              <lines>
                <line number="68" hits="10"/>
              </lines>
            </method>
            <method name="(anonymous_7)" hits="0" signature="()V">
              <lines>
                <line number="70" hits="0"/>
              </lines>
            </method>
            <method name="(anonymous_8)" hits="0" signature="()V">
              <lines>
                <line number="71" hits="0"/>
              </lines>
            </method>
            <method name="(anonymous_9)" hits="10" signature="()V">
              <lines>
                <line number="76" hits="10"/>
              </lines>
            </method>
            <method name="(anonymous_10)" hits="0" signature="()V">
              <lines>
                <line number="79" hits="0"/>
              </lines>
            </method>
            <method name="(anonymous_11)" hits="36" signature="()V">
              <lines>
                <line number="86" hits="36"/>
              </lines>
            </method>
            <method name="(anonymous_12)" hits="24" signature="()V">
              <lines>
                <line number="108" hits="24"/>
              </lines>
            </method>
            <method name="(anonymous_13)" hits="48" signature="()V">
              <lines>
                <line number="110" hits="48"/>
              </lines>
            </method>
            <method name="(anonymous_14)" hits="72" signature="()V">
              <lines>
                <line number="123" hits="72"/>
              </lines>
            </method>
            <method name="(anonymous_15)" hits="0" signature="()V">
              <lines>
                <line number="137" hits="0"/>
              </lines>
            </method>
            <method name="(anonymous_16)" hits="8" signature="()V">
              <lines>
                <line number="225" hits="8"/>
              </lines>
            </method>
            <method name="(anonymous_17)" hits="8" signature="()V">
              <lines>
                <line number="226" hits="8"/>
              </lines>
            </method>
            <method name="(anonymous_18)" hits="36" signature="()V">
              <lines>
                <line number="237" hits="36"/>
              </lines>
            </method>
          </methods>
          <lines>
            <line number="16" hits="1" branch="false"/>
            <line number="20" hits="4" branch="false"/>
            <line number="21" hits="4" branch="false"/>
            <line number="22" hits="4" branch="true" condition-coverage="50% (1/2)"/>
            <line number="23" hits="0" branch="false"/>
            <line number="27" hits="4" branch="false"/>
            <line number="29" hits="4" branch="false"/>
            <line number="30" hits="4" branch="true" condition-coverage="100% (2/2)"/>
            <line number="31" hits="1" branch="false"/>
            <line number="34" hits="3" branch="false"/>
            <line number="36" hits="6" branch="true" condition-coverage="50% (1/2)"/>
            <line number="41" hits="3" branch="true" condition-coverage="50% (1/2)"/>
            <line number="46" hits="3" branch="false"/>
            <line number="49" hits="1" branch="false"/>
            <line number="50" hits="14" branch="false"/>
            <line number="51" hits="14" branch="false"/>
            <line number="52" hits="14" branch="false"/>
            <line number="53" hits="14" branch="true" condition-coverage="100% (2/2)"/>
            <line number="55" hits="14" branch="false"/>
            <line number="57" hits="2" branch="false"/>
            <line number="65" hits="14" branch="true" condition-coverage="100% (2/2)"/>
            <line number="67" hits="14" branch="false"/>
            <line number="69" hits="10" branch="false"/>
            <line number="70" hits="0" branch="false"/>
            <line number="71" hits="0" branch="false"/>
            <line number="75" hits="14" branch="false"/>
            <line number="77" hits="10" branch="true" condition-coverage="50% (1/2)"/>
            <line number="80" hits="0" branch="false"/>
            <line number="81" hits="0" branch="false"/>
            <line number="86" hits="14" branch="false"/>
            <line number="87" hits="36" branch="false"/>
            <line number="89" hits="36" branch="true" condition-coverage="100% (4/4)"/>
            <line number="90" hits="12" branch="false"/>
            <line number="93" hits="24" branch="true" condition-coverage="50% (2/4)"/>
            <line number="94" hits="0" branch="false"/>
            <line number="97" hits="24" branch="false"/>
            <line number="100" hits="14" branch="true" condition-coverage="50% (1/2)"/>
            <line number="101" hits="0" branch="false"/>
            <line number="103" hits="0" branch="true" condition-coverage="0% (0/2)"/>
            <line number="104" hits="0" branch="false"/>
            <line number="108" hits="14" branch="false"/>
            <line number="109" hits="24" branch="false"/>
            <line number="110" hits="48" branch="false"/>
            <line number="112" hits="24" branch="true" condition-coverage="50% (1/2)"/>
            <line number="113" hits="0" branch="false"/>
            <line number="115" hits="24" branch="false"/>
            <line number="124" hits="72" branch="true" condition-coverage="100% (2/2)"/>
            <line number="125" hits="36" branch="false"/>
            <line number="138" hits="0" branch="false"/>
            <line number="139" hits="0" branch="false"/>
            <line number="140" hits="0" branch="false"/>
            <line number="142" hits="0" branch="true" condition-coverage="0% (0/2)"/>
            <line number="143" hits="0" branch="false"/>
            <line number="144" hits="0" branch="false"/>
            <line number="145" hits="0" branch="false"/>
            <line number="146" hits="0" branch="false"/>
            <line number="147" hits="0" branch="false"/>
            <line number="164" hits="36" branch="false"/>
            <line number="172" hits="14" branch="false"/>
            <line number="226" hits="8" branch="false"/>
            <line number="227" hits="8" branch="true" condition-coverage="100% (2/2)"/>
            <line number="238" hits="36" branch="false"/>
          </lines>
        </class>
      </classes>
    </package>
    <package name="src.public.details.overview" line-rate="1" branch-rate="0.7">
      <classes>
        <class name="index.js" filename="static/js/src/public/details/overview/index.js" line-rate="1" branch-rate="0.7">
          <methods>
            <method name="(anonymous_0)" hits="7" signature="()V">
              <lines>
                <line number="3" hits="7"/>
              </lines>
            </method>
            <method name="(anonymous_1)" hits="1" signature="()V">
              <lines>
                <line number="19" hits="1"/>
              </lines>
            </method>
            <method name="(anonymous_2)" hits="7" signature="()V">
              <lines>
                <line number="28" hits="7"/>
              </lines>
            </method>
            <method name="(anonymous_3)" hits="2" signature="()V">
              <lines>
                <line number="37" hits="2"/>
              </lines>
            </method>
            <method name="(anonymous_4)" hits="1" signature="()V">
              <lines>
                <line number="42" hits="1"/>
              </lines>
            </method>
            <method name="(anonymous_5)" hits="1" signature="()V">
              <lines>
                <line number="47" hits="1"/>
              </lines>
            </method>
            <method name="(anonymous_6)" hits="6" signature="()V">
              <lines>
                <line number="52" hits="6"/>
              </lines>
            </method>
            <method name="(anonymous_7)" hits="7" signature="()V">
              <lines>
                <line number="60" hits="7"/>
              </lines>
            </method>
          </methods>
          <lines>
            <line number="3" hits="1" branch="false"/>
            <line number="4" hits="7" branch="false"/>
            <line number="6" hits="7" branch="true" condition-coverage="50% (1/2)"/>
            <line number="7" hits="7" branch="false"/>
            <line number="8" hits="7" branch="false"/>
            <line number="11" hits="7" branch="false"/>
[...]
              <lines>
                <line number="153" hits="69"/>
              </lines>
            </method>
            <method name="(anonymous_11)" hits="69" signature="()V">
              <lines>
                <line number="162" hits="69"/>
              </lines>
            </method>
            <method name="(anonymous_12)" hits="0" signature="()V">
              <lines>
                <line number="165" hits="0"/>
              </lines>
            </method>
            <method name="(anonymous_13)" hits="69" signature="()V">
              <lines>
                <line number="172" hits="69"/>
              </lines>
            </method>
          </methods>
          <lines>
            <line number="5" hits="3" branch="false"/>
            <line number="15" hits="18" branch="false"/>
            <line number="17" hits="18" branch="false"/>
            <line number="19" hits="18" branch="false"/>
            <line number="20" hits="2" branch="true" condition-coverage="50% (1/2)"/>
            <line number="21" hits="2" branch="false"/>
            <line number="24" hits="18" branch="false"/>
            <line number="25" hits="62" branch="false"/>
            <line number="28" hits="18" branch="true" condition-coverage="100% (2/2)"/>
            <line number="30" hits="18" branch="true" condition-coverage="100% (4/4)"/>
            <line number="31" hits="2" branch="false"/>
            <line number="34" hits="18" branch="false"/>
            <line number="35" hits="34" branch="false"/>
            <line number="37" hits="34" branch="true" condition-coverage="100% (2/2)"/>
            <line number="38" hits="14" branch="false"/>
            <line number="53" hits="2" branch="true" condition-coverage="50% (1/2)"/>
            <line number="57" hits="34" branch="false"/>
            <line number="79" hits="34" branch="false"/>
            <line number="84" hits="18" branch="true" condition-coverage="100% (5/5)"/>
            <line number="85" hits="2" branch="false"/>
            <line number="92" hits="1" branch="false"/>
            <line number="104" hits="18" branch="false"/>
            <line number="108" hits="35" branch="false"/>
            <line number="109" hits="46" branch="true" condition-coverage="100% (2/2)"/>
            <line number="111" hits="46" branch="false"/>
            <line number="124" hits="35" branch="true" condition-coverage="100% (2/2)"/>
            <line number="126" hits="23" branch="false"/>
            <line number="129" hits="3" branch="false"/>
            <line number="151" hits="35" branch="false"/>
            <line number="153" hits="35" branch="false"/>
            <line number="154" hits="69" branch="true" condition-coverage="50% (1/2)"/>
            <line number="155" hits="69" branch="false"/>
            <line number="157" hits="69" branch="false"/>
            <line number="160" hits="35" branch="false"/>
            <line number="163" hits="69" branch="false"/>
            <line number="165" hits="69" branch="false"/>
            <line number="167" hits="69" branch="false"/>
            <line number="173" hits="69" branch="false"/>
          </lines>
        </class>
        <class name="getFilteredCollaborators.ts" filename="static/js/src/publisher-admin/utils/getFilteredCollaborators.ts" line-rate="0.8332999999999999" branch-rate="0.8332999999999999">
          <methods>
            <method name="getFilteredCollaborators" hits="5" signature="()V">
              <lines>
                <line number="3" hits="5"/>
              </lines>
            </method>
            <method name="(anonymous_1)" hits="4" signature="()V">
              <lines>
                <line number="11" hits="4"/>
              </lines>
            </method>
          </methods>
          <lines>
            <line number="7" hits="5" branch="true" condition-coverage="100% (2/2)"/>
            <line number="8" hits="3" branch="false"/>
            <line number="11" hits="2" branch="false"/>
            <line number="12" hits="4" branch="true" condition-coverage="50% (1/2)"/>
            <line number="13" hits="0" branch="false"/>
            <line number="16" hits="4" branch="false"/>
          </lines>
        </class>
        <class name="getFilteredInvites.ts" filename="static/js/src/publisher-admin/utils/getFilteredInvites.ts" line-rate="0.8332999999999999" branch-rate="0.75">
          <methods>
            <method name="getFilteredInvites" hits="6" signature="()V">
              <lines>
                <line number="3" hits="6"/>
              </lines>
            </method>
            <method name="(anonymous_1)" hits="2" signature="()V">
              <lines>
                <line number="11" hits="2"/>
              </lines>
            </method>
          </methods>
          <lines>
            <line number="7" hits="6" branch="true" condition-coverage="100% (2/2)"/>
            <line number="8" hits="5" branch="false"/>
            <line number="11" hits="1" branch="false"/>
            <line number="12" hits="2" branch="true" condition-coverage="50% (1/2)"/>
            <line number="13" hits="0" branch="false"/>
            <line number="16" hits="2" branch="false"/>
          </lines>
        </class>
        <class name="getInvitesByStatus.ts" filename="static/js/src/publisher-admin/utils/getInvitesByStatus.ts" line-rate="0.8571" branch-rate="0.875">
          <methods>
            <method name="getInvitesByStatus" hits="9" signature="()V">
              <lines>
                <line number="5" hits="9"/>
              </lines>
            </method>
            <method name="(anonymous_1)" hits="3" signature="()V">
              <lines>
                <line number="10" hits="3"/>
              </lines>
            </method>
            <method name="(anonymous_2)" hits="3" signature="()V">
              <lines>
                <line number="14" hits="3"/>
              </lines>
            </method>
            <method name="(anonymous_3)" hits="3" signature="()V">
              <lines>
                <line number="18" hits="3"/>
              </lines>
            </method>
          </methods>
          <lines>
            <line number="9" hits="9" branch="true" condition-coverage="100% (2/2)"/>
            <line number="10" hits="3" branch="false"/>
            <line number="13" hits="6" branch="true" condition-coverage="100% (2/2)"/>
            <line number="14" hits="3" branch="false"/>
            <line number="17" hits="3" branch="true" condition-coverage="50% (1/2)"/>
            <line number="18" hits="3" branch="true" condition-coverage="100% (2/2)"/>
            <line number="21" hits="0" branch="false"/>
          </lines>
        </class>
        <class name="index.ts" filename="static/js/src/publisher-admin/utils/index.ts" line-rate="0" branch-rate="0">
          <methods>
          </methods>
          <lines>
          </lines>
        </class>
        <class name="isAccepted.ts" filename="static/js/src/publisher-admin/utils/isAccepted.ts" line-rate="1" branch-rate="1">
          <methods>
            <method name="(anonymous_0)" hits="3" signature="()V">
              <lines>
                <line number="3" hits="3"/>
              </lines>
            </method>
          </methods>
          <lines>
            <line number="3" hits="9" branch="false"/>
          </lines>
        </class>
        <class name="isExpired.ts" filename="static/js/src/publisher-admin/utils/isExpired.ts" line-rate="1" branch-rate="1">
          <methods>
            <method name="(anonymous_0)" hits="5" signature="()V">
              <lines>
                <line number="5" hits="5"/>
              </lines>
            </method>
          </methods>
          <lines>
            <line number="5" hits="9" branch="false"/>
            <line number="6" hits="5" branch="true" condition-coverage="100% (2/2)"/>
          </lines>
        </class>
        <class name="isPending.ts" filename="static/js/src/publisher-admin/utils/isPending.ts" line-rate="1" branch-rate="1">
          <methods>
            <method name="(anonymous_0)" hits="3" signature="()V">
              <lines>
                <line number="5" hits="3"/>
              </lines>
            </method>
          </methods>
          <lines>
            <line number="5" hits="9" branch="false"/>
            <line number="6" hits="3" branch="true" condition-coverage="100% (3/3)"/>
          </lines>
        </class>
        <class name="isRevoked.ts" filename="static/js/src/publisher-admin/utils/isRevoked.ts" line-rate="1" branch-rate="1">
          <methods>
            <method name="(anonymous_0)" hits="5" signature="()V">
              <lines>
                <line number="3" hits="5"/>
              </lines>
            </method>
          </methods>
          <lines>
            <line number="3" hits="9" branch="false"/>
          </lines>
        </class>
        <class name="languages.ts" filename="static/js/src/publisher-admin/utils/languages.ts" line-rate="1" branch-rate="1">
          <methods>
          </methods>
          <lines>
            <line number="8" hits="9" branch="false"/>
          </lines>
        </class>
        <class name="publisherMatchesFilterQuery.ts" filename="static/js/src/publisher-admin/utils/publisherMatchesFilterQuery.ts" line-rate="1" branch-rate="1">
          <methods>
            <method name="publisherMatchesFilterQuery" hits="4" signature="()V">
              <lines>
                <line number="3" hits="4"/>
              </lines>
            </method>
          </methods>
          <lines>
            <line number="7" hits="4" branch="true" condition-coverage="100% (4/4)"/>
            <line number="8" hits="2" branch="false"/>
            <line number="11" hits="2" branch="false"/>
          </lines>
        </class>
      </classes>
    </package>
    <package name="store.components.App" line-rate="1" branch-rate="1">
      <classes>
        <class name="App.tsx" filename="static/js/store/components/App/App.tsx" line-rate="1" branch-rate="1">
          <methods>
            <method name="App" hits="1" signature="()V">
              <lines>
                <line number="6" hits="1"/>
              </lines>
            </method>
          </methods>
          <lines>
            <line number="7" hits="1" branch="false"/>
            <line number="16" hits="1" branch="false"/>
          </lines>
        </class>
      </classes>
    </package>
    <package name="store.components.Banner" line-rate="1" branch-rate="0.9">
      <classes>
        <class name="Banner.tsx" filename="static/js/store/components/Banner/Banner.tsx" line-rate="1" branch-rate="0.9">
          <methods>
            <method name="Banner" hits="6" signature="()V">
              <lines>
                <line number="10" hits="6"/>
              </lines>
            </method>
            <method name="(anonymous_1)" hits="3" signature="()V">
              <lines>
                <line number="20" hits="3"/>
              </lines>
            </method>
            <method name="(anonymous_2)" hits="1" signature="()V">
              <lines>
                <line number="51" hits="1"/>
              </lines>
            </method>
          </methods>
          <lines>
            <line number="11" hits="6" branch="false"/>
            <line number="13" hits="6" branch="false"/>
            <line number="21" hits="3" branch="false"/>
            <line number="23" hits="3" branch="true" condition-coverage="100% (4/4)"/>
            <line number="24" hits="1" branch="false"/>
            <line number="25" hits="1" branch="false"/>
            <line number="26" hits="1" branch="false"/>
            <line number="29" hits="3" branch="true" condition-coverage="75% (3/4)"/>
            <line number="30" hits="3" branch="false"/>
            <line number="52" hits="1" branch="false"/>
            <line number="53" hits="1" branch="false"/>
          </lines>
        </class>
      </classes>
    </package>
    <package name="store.components.Packages" line-rate="0.46509999999999996" branch-rate="0.5813">
      <classes>
        <class name="Packages.tsx" filename="static/js/store/components/Packages/Packages.tsx" line-rate="0.46509999999999996" branch-rate="0.5813">
          <methods>
            <method name="Packages" hits="5" signature="()V">
              <lines>
                <line number="24" hits="5"/>
              </lines>
            </method>
            <method name="(anonymous_1)" hits="3" signature="()V">
              <lines>
                <line number="27" hits="3"/>
              </lines>
            </method>
            <method name="(anonymous_2)" hits="0" signature="()V">
              <lines>
                <line number="30" hits="0"/>
              </lines>
            </method>
            <method name="(anonymous_3)" hits="3" signature="()V">
              <lines>
                <line number="57" hits="3"/>
              </lines>
            </method>
            <method name="(anonymous_4)" hits="0" signature="()V">
              <lines>
                <line number="73" hits="0"/>
              </lines>
            </method>
            <method name="(anonymous_5)" hits="0" signature="()V">
              <lines>
                <line number="84" hits="0"/>
              </lines>
            </method>
            <method name="(anonymous_6)" hits="0" signature="()V">
              <lines>
                <line number="98" hits="0"/>
              </lines>
            </method>
            <method name="(anonymous_7)" hits="0" signature="()V">
              <lines>
                <line number="113" hits="0"/>
              </lines>
            </method>
            <method name="(anonymous_8)" hits="0" signature="()V">
              <lines>
                <line number="125" hits="0"/>
              </lines>
            </method>
            <method name="(anonymous_9)" hits="0" signature="()V">
              <lines>
                <line number="132" hits="0"/>
              </lines>
            </method>
            <method name="(anonymous_10)" hits="0" signature="()V">
              <lines>
                <line number="153" hits="0"/>
              </lines>
            </method>
            <method name="(anonymous_11)" hits="48" signature="()V">
              <lines>
                <line number="176" hits="48"/>
              </lines>
            </method>
            <method name="(anonymous_12)" hits="0" signature="()V">
              <lines>
                <line number="185" hits="0"/>
              </lines>
            </method>
            <method name="(anonymous_13)" hits="0" signature="()V">
              <lines>
                <line number="208" hits="0"/>
              </lines>
            </method>
          </methods>
          <lines>
            <line number="25" hits="5" branch="false"/>
            <line number="27" hits="5" branch="false"/>
            <line number="28" hits="3" branch="false"/>
            <line number="29" hits="1" branch="false"/>
            <line number="30" hits="1" branch="false"/>
            <line number="31" hits="0" branch="false"/>
            <line number="37" hits="1" branch="false"/>
            <line number="45" hits="5" branch="false"/>
            <line number="46" hits="5" branch="false"/>
            <line number="48" hits="5" branch="false"/>
            <line number="49" hits="5" branch="true" condition-coverage="100% (2/2)"/>
            <line number="50" hits="5" branch="false"/>
            <line number="52" hits="5" branch="true" condition-coverage="50% (1/2)"/>
            <line number="54" hits="5" branch="false"/>
            <line number="55" hits="5" branch="false"/>
            <line number="57" hits="5" branch="false"/>
            <line number="58" hits="3" branch="false"/>
            <line number="61" hits="5" branch="false"/>
            <line number="63" hits="5" branch="false"/>
            <line number="65" hits="5" branch="false"/>
            <line number="74" hits="0" branch="false"/>
            <line number="85" hits="0" branch="false"/>
            <line number="99" hits="0" branch="false"/>
            <line number="114" hits="0" branch="true" condition-coverage="0% (0/2)"/>
            <line number="115" hits="0" branch="false"/>
            <line number="117" hits="0" branch="false"/>
            <line number="120" hits="0" branch="false"/>
            <line number="121" hits="0" branch="false"/>
            <line number="126" hits="0" branch="false"/>
            <line number="127" hits="0" branch="false"/>
            <line number="128" hits="0" branch="false"/>
            <line number="133" hits="0" branch="false"/>
            <line number="134" hits="0" branch="false"/>
            <line number="135" hits="0" branch="false"/>
            <line number="154" hits="0" branch="false"/>
            <line number="155" hits="0" branch="false"/>
            <line number="156" hits="0" branch="false"/>
            <line number="158" hits="0" branch="true" condition-coverage="0% (0/2)"/>
            <line number="159" hits="0" branch="false"/>
            <line number="177" hits="48" branch="false"/>
            <line number="186" hits="0" branch="false"/>
            <line number="209" hits="0" branch="false"/>
            <line number="210" hits="0" branch="false"/>
          </lines>
        </class>
      </classes>
    </package>
    <package name="store.components.Topics" line-rate="1" branch-rate="1">
      <classes>
        <class name="Topics.tsx" filename="static/js/store/components/Topics/Topics.tsx" line-rate="1" branch-rate="1">
          <methods>
            <method name="Topics" hits="6" signature="()V">
              <lines>
                <line number="18" hits="6"/>
              </lines>
            </method>
            <method name="(anonymous_1)" hits="4" signature="()V">
              <lines>
                <line number="19" hits="4"/>
              </lines>
            </method>
            <method name="(anonymous_2)" hits="4" signature="()V">
              <lines>
                <line number="30" hits="4"/>
              </lines>
            </method>
            <method name="(anonymous_3)" hits="15" signature="()V">
              <lines>
                <line number="40" hits="15"/>
              </lines>
            </method>
            <method name="(anonymous_4)" hits="3" signature="()V">
              <lines>
                <line number="49" hits="3"/>
              </lines>
            </method>
          </methods>
          <lines>
            <line number="19" hits="6" branch="false"/>
            <line number="20" hits="4" branch="false"/>
            <line number="21" hits="3" branch="false"/>
            <line number="23" hits="3" branch="false"/>
            <line number="28" hits="6" branch="false"/>
            <line number="30" hits="6" branch="false"/>
            <line number="31" hits="4" branch="false"/>
            <line number="34" hits="6" branch="false"/>
            <line number="41" hits="15" branch="false"/>
            <line number="50" hits="3" branch="false"/>
          </lines>
        </class>
      </classes>
    </package>
    <package name="store.data" line-rate="1" branch-rate="1">
      <classes>
        <class name="package-types.js" filename="static/js/store/data/package-types.js" line-rate="1" branch-rate="1">
          <methods>
          </methods>
          <lines>
            <line number="1" hits="1" branch="false"/>
          </lines>
        </class>
        <class name="platforms.js" filename="static/js/store/data/platforms.js" line-rate="1" branch-rate="1">
          <methods>
          </methods>
          <lines>
            <line number="1" hits="1" branch="false"/>
          </lines>
        </class>
      </classes>
    </package>
  </packages>
</coverage>
